======================================================================
FoldX Batch Processing - Expanded ClinVar Dataset
======================================================================
Total new variants to process: 865
  - Pathogenic: 824
  - Benign: 41
Number of runs per variant: 5
Structure: scn1a_wt_Repair.pdb
Parallel processes: 8
Output directory: /Users/ykshim2025/Desktop/Code2025/SCN1A/foldx_analysis/foldx_results_expanded
======================================================================
[1/865] A1118S (Pathogenic): SUCCESS (ETA: 88.0 min)
[2/865] A121G (Pathogenic): SUCCESS (ETA: 52.2 min)
[3/865] A1236P (Pathogenic): SUCCESS (ETA: 35.0 min)
[4/865] A121P (Pathogenic): SUCCESS (ETA: 31.9 min)
[5/865] A1236T (Pathogenic): SUCCESS (ETA: 30.1 min)
[6/865] A1339T (Pathogenic): SUCCESS (ETA: 32.9 min)
[7/865] A1326D (Pathogenic): SUCCESS (ETA: 28.4 min)
[8/865] A1339V (Pathogenic): SUCCESS (ETA: 25.8 min)
[9/865] A1255P (Pathogenic): SUCCESS (ETA: 24.3 min)
[10/865] A1326T (Pathogenic): SUCCESS (ETA: 22.2 min)
[11/865] A1343G (Pathogenic): SUCCESS (ETA: 21.6 min)
[12/865] A1343S (Pathogenic): SUCCESS (ETA: 23.9 min)
[13/865] A1406S (Pathogenic): SUCCESS (ETA: 24.2 min)
[14/865] A1343P (Pathogenic): SUCCESS (ETA: 26.0 min)
[15/865] A1406T (Pathogenic): SUCCESS (ETA: 25.8 min)
[16/865] A1429T (Pathogenic): SUCCESS (ETA: 24.8 min)
[17/865] A1343V (Pathogenic): SUCCESS (ETA: 23.3 min)
[18/865] A1370P (Pathogenic): SUCCESS (ETA: 22.5 min)
[19/865] A1273V (Pathogenic): SUCCESS (ETA: 23.9 min)
[20/865] A1370V (Pathogenic): SUCCESS (ETA: 23.1 min)
[21/865] A1429V (Pathogenic): SUCCESS (ETA: 22.6 min)
[22/865] A1441P (Pathogenic): SUCCESS (ETA: 21.7 min)
[23/865] A1440T (Pathogenic): SUCCESS (ETA: 21.7 min)
[24/865] A1641T (Pathogenic): SUCCESS (ETA: 21.0 min)
[25/865] A1653V (Pathogenic): SUCCESS (ETA: 21.9 min)
[26/865] A1669T (Pathogenic): SUCCESS (ETA: 23.7 min)
[27/865] A1662V (Pathogenic): SUCCESS (ETA: 23.7 min)
[28/865] A1724T (Pathogenic): SUCCESS (ETA: 22.8 min)
[29/865] A1685P (Pathogenic): SUCCESS (ETA: 23.7 min)
[30/865] A1783G (Pathogenic): SUCCESS (ETA: 25.5 min)
[31/865] A1724V (Pathogenic): SUCCESS (ETA: 25.5 min)
[32/865] A1724P (Pathogenic): SUCCESS (ETA: 24.8 min)
[33/865] A175T (Pathogenic): SUCCESS (ETA: 24.3 min)
[34/865] A1783T (Pathogenic): SUCCESS (ETA: 23.7 min)
[35/865] A1441T (Pathogenic): SUCCESS (ETA: 23.1 min)
[36/865] A1441V (Pathogenic): SUCCESS (ETA: 22.7 min)
[37/865] A1792T (Pathogenic): SUCCESS (ETA: 23.7 min)
[38/865] A1819T (Pathogenic): SUCCESS (ETA: 23.1 min)
[39/865] A1919G (Pathogenic): SUCCESS (ETA: 22.7 min)
[40/865] A1792D (Pathogenic): SUCCESS (ETA: 23.8 min)
[41/865] A239D (Pathogenic): SUCCESS (ETA: 24.2 min)
[42/865] A175V (Pathogenic): SUCCESS (ETA: 24.2 min)
[43/865] A239G (Pathogenic): SUCCESS (ETA: 23.9 min)
[44/865] A223P (Pathogenic): SUCCESS (ETA: 23.6 min)
[45/865] A24T (Pathogenic): SUCCESS (ETA: 23.7 min)
[46/865] A1797P (Pathogenic): SUCCESS (ETA: 23.4 min)
[47/865] A371P (Pathogenic): SUCCESS (ETA: 24.0 min)
[48/865] A371V (Pathogenic): SUCCESS (ETA: 24.0 min)
[49/865] A342E (Pathogenic): SUCCESS (ETA: 24.3 min)
[50/865] A201V (Pathogenic): SUCCESS (ETA: 23.8 min)
[51/865] A394V (Pathogenic): SUCCESS (ETA: 23.3 min)
[52/865] A1832E (Pathogenic): SUCCESS (ETA: 23.8 min)
[53/865] A420P (Pathogenic): SUCCESS (ETA: 24.0 min)
[54/865] A821P (Pathogenic): SUCCESS (ETA: 24.0 min)
[55/865] A889T (Pathogenic): SUCCESS (ETA: 23.8 min)
[56/865] A395G (Pathogenic): SUCCESS (ETA: 23.6 min)
[57/865] A786V (Pathogenic): SUCCESS (ETA: 24.5 min)
[58/865] A905T (Pathogenic): SUCCESS (ETA: 24.5 min)
[59/865] A395D (Pathogenic): SUCCESS (ETA: 24.1 min)
[60/865] C1185R (Pathogenic): SUCCESS (ETA: 24.7 min)
[61/865] A989V (Pathogenic): SUCCESS (ETA: 24.3 min)
[62/865] C1354G (Pathogenic): SUCCESS (ETA: 25.0 min)
[63/865] C1354F (Pathogenic): SUCCESS (ETA: 24.7 min)
[64/865] C1180R (Pathogenic): SUCCESS (ETA: 24.4 min)
[65/865] C1354S (Pathogenic): SUCCESS (ETA: 24.8 min)
[66/865] A333T (Pathogenic): SUCCESS (ETA: 25.1 min)
[67/865] C1396G (Pathogenic): SUCCESS (ETA: 25.0 min)
[68/865] C1376S (Pathogenic): SUCCESS (ETA: 24.6 min)
[69/865] C1741S (Pathogenic): SUCCESS (ETA: 25.6 min)
[70/865] C1588R (Pathogenic): SUCCESS (ETA: 26.1 min)
[71/865] A201E (Pathogenic): SUCCESS (ETA: 26.8 min)
[72/865] C1354R (Pathogenic): SUCCESS (ETA: 26.8 min)
[73/865] C1756R (Pathogenic): SUCCESS (ETA: 26.7 min)
[74/865] C1756Y (Pathogenic): SUCCESS (ETA: 26.9 min)
[75/865] C1354Y (Pathogenic): SUCCESS (ETA: 27.4 min)
[76/865] C1716R (Pathogenic): SUCCESS (ETA: 27.8 min)
[77/865] C345F (Pathogenic): SUCCESS (ETA: 28.6 min)
[78/865] C345S (Pathogenic): SUCCESS (ETA: 28.2 min)
[79/865] C1588Y (Pathogenic): SUCCESS (ETA: 27.8 min)
[80/865] C1376Y (Pathogenic): SUCCESS (ETA: 27.7 min)
[81/865] C351S (Pathogenic): SUCCESS (ETA: 28.2 min)
[82/865] C351G (Pathogenic): SUCCESS (ETA: 28.0 min)
[83/865] C277Y (Pathogenic): SUCCESS (ETA: 27.7 min)
[84/865] C345Y (Pathogenic): SUCCESS (ETA: 27.8 min)
[85/865] C927R (Pathogenic): SUCCESS (ETA: 27.5 min)
[86/865] C959G (Pathogenic): SUCCESS (ETA: 28.1 min)
[87/865] C949S (Pathogenic): SUCCESS (ETA: 27.8 min)
[88/865] C968S (Pathogenic): SUCCESS (ETA: 28.5 min)
[89/865] D1137H (Pathogenic): SUCCESS (ETA: 28.4 min)
[90/865] C968W (Pathogenic): SUCCESS (ETA: 29.6 min)
[91/865] C336W (Pathogenic): SUCCESS (ETA: 31.0 min)
[92/865] C968Y (Pathogenic): SUCCESS (ETA: 32.4 min)
[93/865] D1239H (Pathogenic): SUCCESS (ETA: 32.0 min)
[94/865] D1288A (Pathogenic): SUCCESS (ETA: 33.1 min)
[95/865] D1416G (Pathogenic): SUCCESS (ETA: 33.5 min)
[96/865] C1741Y (Pathogenic): SUCCESS (ETA: 33.6 min)
[97/865] D1288N (Pathogenic): SUCCESS (ETA: 35.1 min)
[98/865] D1443G (Pathogenic): SUCCESS (ETA: 34.9 min)
[99/865] C959R (Pathogenic): SUCCESS (ETA: 35.3 min)
[100/865] C336R (Pathogenic): SUCCESS (ETA: 35.1 min)
[101/865] D1497G (Pathogenic): SUCCESS (ETA: 35.4 min)
[102/865] D1443Y (Pathogenic): SUCCESS (ETA: 35.6 min)
[103/865] D1288Y (Pathogenic): SUCCESS (ETA: 35.9 min)
[104/865] D1443H (Pathogenic): SUCCESS (ETA: 35.9 min)
[105/865] D1544G (Pathogenic): SUCCESS (ETA: 36.0 min)
[106/865] D1288H (Pathogenic): SUCCESS (ETA: 36.4 min)
[107/865] D1703V (Pathogenic): SUCCESS (ETA: 37.2 min)
[108/865] D1727G (Pathogenic): SUCCESS (ETA: 37.0 min)
[109/865] D1702Y (Pathogenic): SUCCESS (ETA: 37.0 min)
[110/865] D1608Y (Pathogenic): SUCCESS (ETA: 36.8 min)
[111/865] D1702E (Pathogenic): SUCCESS (ETA: 36.7 min)
[112/865] D1742A (Pathogenic): SUCCESS (ETA: 36.9 min)
[113/865] D1727H (Pathogenic): SUCCESS (ETA: 36.9 min)
[114/865] D1742N (Pathogenic): SUCCESS (ETA: 36.6 min)
[115/865] D1544N (Pathogenic): SUCCESS (ETA: 36.5 min)
[116/865] D1866G (Pathogenic): SUCCESS (ETA: 38.1 min)
[117/865] D1544H (Pathogenic): SUCCESS (ETA: 38.1 min)
[118/865] D1740H (Pathogenic): SUCCESS (ETA: 38.2 min)
[119/865] D249G (Pathogenic): SUCCESS (ETA: 38.2 min)
[120/865] D188G (Pathogenic): SUCCESS (ETA: 38.6 min)
[121/865] D1742Y (Pathogenic): SUCCESS (ETA: 38.3 min)
[122/865] D589V (Pathogenic): SUCCESS (ETA: 38.6 min)
[123/865] D320G (Pathogenic): SUCCESS (ETA: 38.9 min)
[124/865] D382N (Pathogenic): SUCCESS (ETA: 39.1 min)
[125/865] D79A (Pathogenic): SUCCESS (ETA: 39.1 min)
[126/865] D1755G (Pathogenic): SUCCESS (ETA: 39.5 min)
[127/865] D79E (Pathogenic): SUCCESS (ETA: 39.4 min)
[128/865] D366H (Pathogenic): SUCCESS (ETA: 39.4 min)
[129/865] D79N (Pathogenic): SUCCESS (ETA: 39.0 min)
[130/865] D1755H (Pathogenic): SUCCESS (ETA: 39.3 min)
[131/865] D81V (Pathogenic): SUCCESS (ETA: 39.0 min)
[132/865] D1755Y (Pathogenic): SUCCESS (ETA: 38.8 min)
[133/865] D81E (Pathogenic): SUCCESS (ETA: 39.2 min)
[134/865] D936A (Pathogenic): SUCCESS (ETA: 39.6 min)
[135/865] D936E (Pathogenic): SUCCESS (ETA: 39.2 min)
[136/865] D936G (Pathogenic): SUCCESS (ETA: 39.8 min)
[137/865] D81Y (Pathogenic): SUCCESS (ETA: 39.9 min)
[138/865] E1143D (Pathogenic): SUCCESS (ETA: 39.5 min)
[139/865] D823V (Pathogenic): SUCCESS (ETA: 39.6 min)
[140/865] D194Y (Pathogenic): SUCCESS (ETA: 39.6 min)
[141/865] D936Y (Pathogenic): SUCCESS (ETA: 40.7 min)
[142/865] E1221D (Pathogenic): SUCCESS (ETA: 40.5 min)
[143/865] E1216K (Pathogenic): SUCCESS (ETA: 40.2 min)
[144/865] E1221G (Pathogenic): SUCCESS (ETA: 39.9 min)
[145/865] E1216Q (Pathogenic): SUCCESS (ETA: 40.8 min)
[146/865] D936H (Pathogenic): SUCCESS (ETA: 41.0 min)
[147/865] E1221Q (Pathogenic): SUCCESS (ETA: 41.5 min)
[148/865] E1561G (Pathogenic): SUCCESS (ETA: 42.2 min)
[149/865] E1587V (Pathogenic): SUCCESS (ETA: 43.0 min)
[150/865] E1587Q (Pathogenic): SUCCESS (ETA: 43.2 min)
[151/865] E1503K (Pathogenic): SUCCESS (ETA: 44.3 min)
[152/865] E1787D (Pathogenic): SUCCESS (ETA: 44.1 min)
[153/865] E1623Q (Pathogenic): SUCCESS (ETA: 43.8 min)
[154/865] E168Q (Pathogenic): SUCCESS (ETA: 45.2 min)
[155/865] E289V (Pathogenic): SUCCESS (ETA: 45.3 min)
[156/865] E1708K (Pathogenic): SUCCESS (ETA: 45.4 min)
[157/865] E1454K (Pathogenic): SUCCESS (ETA: 45.1 min)
[158/865] E1810G (Pathogenic): SUCCESS (ETA: 45.1 min)
[159/865] E616D (Pathogenic): SUCCESS (ETA: 45.2 min)
[160/865] E1221K (Pathogenic): SUCCESS (ETA: 45.1 min)
[161/865] E1795G (Pathogenic): SUCCESS (ETA: 44.8 min)
[162/865] E385A (Pathogenic): SUCCESS (ETA: 44.5 min)
[163/865] E385Q (Pathogenic): SUCCESS (ETA: 44.1 min)
[164/865] E788V (Pathogenic): SUCCESS (ETA: 44.4 min)
[165/865] E1561K (Pathogenic): SUCCESS (ETA: 45.1 min)
[166/865] E954D (Pathogenic): SUCCESS (ETA: 45.8 min)
[167/865] E385K (Pathogenic): SUCCESS (ETA: 45.6 min)
[168/865] E954G (Pathogenic): SUCCESS (ETA: 45.4 min)
[169/865] F100L (Pathogenic): SUCCESS (ETA: 45.4 min)
[170/865] F100V (Pathogenic): SUCCESS (ETA: 45.2 min)
[171/865] E78K (Pathogenic): SUCCESS (ETA: 45.2 min)
[172/865] F102S (Pathogenic): SUCCESS (ETA: 45.0 min)
[173/865] F1223C (Pathogenic): SUCCESS (ETA: 44.9 min)
[174/865] E954Q (Pathogenic): SUCCESS (ETA: 45.4 min)
[175/865] E954V (Pathogenic): SUCCESS (ETA: 45.1 min)
[176/865] F1361V (Pathogenic): SUCCESS (ETA: 45.2 min)
[177/865] F1361L (Pathogenic): SUCCESS (ETA: 45.0 min)
[178/865] F1385C (Pathogenic): SUCCESS (ETA: 44.7 min)
[179/865] F1373I (Pathogenic): SUCCESS (ETA: 44.6 min)
[180/865] F1415L (Pathogenic): SUCCESS (ETA: 44.3 min)
[181/865] F1220L (Pathogenic): SUCCESS (ETA: 44.1 min)
[182/865] F1431C (Pathogenic): SUCCESS (ETA: 44.0 min)
[183/865] F1415S (Pathogenic): SUCCESS (ETA: 43.8 min)
[184/865] F1415V (Pathogenic): SUCCESS (ETA: 43.6 min)
[185/865] F1463L (Pathogenic): SUCCESS (ETA: 43.5 min)
[186/865] F1486L (Pathogenic): SUCCESS (ETA: 43.5 min)
[187/865] F1620L (Pathogenic): SUCCESS (ETA: 43.4 min)
[188/865] F1472L (Pathogenic): SUCCESS (ETA: 43.3 min)
[189/865] F1473S (Pathogenic): SUCCESS (ETA: 43.0 min)
[190/865] F1478Y (Pathogenic): SUCCESS (ETA: 42.8 min)
[191/865] F1620S (Pathogenic): SUCCESS (ETA: 42.5 min)
[192/865] F1692C (Pathogenic): SUCCESS (ETA: 42.7 min)
[193/865] F1707L (Pathogenic): SUCCESS (ETA: 42.4 min)
[194/865] F1707S (Pathogenic): SUCCESS (ETA: 42.3 min)
[195/865] F1692S (Pathogenic): SUCCESS (ETA: 42.2 min)
[196/865] F1718S (Pathogenic): SUCCESS (ETA: 42.1 min)
[197/865] E951K (Pathogenic): SUCCESS (ETA: 41.8 min)
[198/865] F1765L (Pathogenic): SUCCESS (ETA: 41.6 min)
[199/865] F1765C (Pathogenic): SUCCESS (ETA: 41.4 min)
[200/865] F1808L (Pathogenic): SUCCESS (ETA: 41.7 min)
[201/865] F1765S (Pathogenic): SUCCESS (ETA: 41.4 min)
[202/865] F1774S (Pathogenic): SUCCESS (ETA: 41.3 min)
[203/865] F1808I (Pathogenic): SUCCESS (ETA: 41.1 min)
[204/865] F1774L (Pathogenic): SUCCESS (ETA: 40.9 min)
[205/865] F1831C (Pathogenic): SUCCESS (ETA: 40.8 min)
[206/865] F218L (Pathogenic): SUCCESS (ETA: 40.7 min)
[207/865] F312S (Pathogenic): SUCCESS (ETA: 40.7 min)
[208/865] F1789S (Pathogenic): SUCCESS (ETA: 40.5 min)
[209/865] F383L (Pathogenic): SUCCESS (ETA: 40.7 min)
[210/865] F402L (Pathogenic): SUCCESS (ETA: 40.6 min)
[211/865] F402I (Pathogenic): SUCCESS (ETA: 40.4 min)
[212/865] F403L (Pathogenic): SUCCESS (ETA: 40.2 min)
[213/865] E954K (Pathogenic): SUCCESS (ETA: 40.4 min)
[214/865] F383S (Pathogenic): SUCCESS (ETA: 40.2 min)
[215/865] F1815L (Pathogenic): SUCCESS (ETA: 40.2 min)
[216/865] F412V (Pathogenic): SUCCESS (ETA: 40.1 min)
[217/865] F987L (Pathogenic): SUCCESS (ETA: 40.1 min)
[218/865] F945L (Pathogenic): SUCCESS (ETA: 39.9 min)
[219/865] G1081R (Pathogenic): SUCCESS (ETA: 39.7 min)
[220/865] F811L (Pathogenic): SUCCESS (ETA: 39.5 min)
[221/865] F1815S (Pathogenic): SUCCESS (ETA: 39.6 min)
[222/865] F412L (Pathogenic): SUCCESS (ETA: 39.4 min)
[223/865] F811S (Pathogenic): SUCCESS (ETA: 39.3 min)
[224/865] G1310E (Pathogenic): SUCCESS (ETA: 39.2 min)
[225/865] G1365D (Pathogenic): SUCCESS (ETA: 39.2 min)
[226/865] G1371D (Pathogenic): SUCCESS (ETA: 39.6 min)
[227/865] G1275D (Pathogenic): SUCCESS (ETA: 39.4 min)
[228/865] G1419V (Pathogenic): SUCCESS (ETA: 39.2 min)
[229/865] G1371S (Pathogenic): SUCCESS (ETA: 39.4 min)
[230/865] G1371V (Pathogenic): SUCCESS (ETA: 39.8 min)
[231/865] G1433E (Pathogenic): SUCCESS (ETA: 39.7 min)
[232/865] G1233R (Pathogenic): SUCCESS (ETA: 39.5 min)
[233/865] G1480C (Pathogenic): SUCCESS (ETA: 39.6 min)
[234/865] G1419R (Pathogenic): SUCCESS (ETA: 39.4 min)
[235/865] G1480V (Pathogenic): SUCCESS (ETA: 39.2 min)
[236/865] G1421E (Pathogenic): SUCCESS (ETA: 39.0 min)
[237/865] G1421W (Pathogenic): SUCCESS (ETA: 38.9 min)
[238/865] G1494E (Pathogenic): SUCCESS (ETA: 38.9 min)
[239/865] G1618S (Pathogenic): SUCCESS (ETA: 38.8 min)
[240/865] G1586E (Pathogenic): SUCCESS (ETA: 38.7 min)
[241/865] G1644D (Pathogenic): SUCCESS (ETA: 38.6 min)
[242/865] G1655A (Pathogenic): SUCCESS (ETA: 38.5 min)
[243/865] G1371R (Pathogenic): SUCCESS (ETA: 38.3 min)
[244/865] G163E (Pathogenic): SUCCESS (ETA: 38.2 min)
[245/865] G1674S (Pathogenic): SUCCESS (ETA: 38.3 min)
[246/865] G1688V (Pathogenic): SUCCESS (ETA: 38.1 min)
[247/865] G1433R (Pathogenic): SUCCESS (ETA: 38.1 min)
[248/865] G1618R (Pathogenic): SUCCESS (ETA: 38.1 min)
[249/865] G1725S (Pathogenic): SUCCESS (ETA: 38.1 min)
[250/865] G1725D (Pathogenic): SUCCESS (ETA: 38.0 min)
[251/865] G1728E (Pathogenic): SUCCESS (ETA: 37.9 min)
[252/865] G1655W (Pathogenic): SUCCESS (ETA: 38.2 min)
[253/865] G1749R (Pathogenic): SUCCESS (ETA: 38.1 min)
[254/865] G1728R (Pathogenic): SUCCESS (ETA: 38.2 min)
[255/865] G1754A (Pathogenic): SUCCESS (ETA: 38.1 min)
[256/865] G1655R (Pathogenic): SUCCESS (ETA: 37.9 min)
[257/865] G1754V (Pathogenic): SUCCESS (ETA: 37.8 min)
[258/865] G210D (Pathogenic): SUCCESS (ETA: 37.8 min)
[259/865] G238V (Pathogenic): SUCCESS (ETA: 37.7 min)
[260/865] G177E (Pathogenic): SUCCESS (ETA: 37.8 min)
[261/865] G1754E (Pathogenic): SUCCESS (ETA: 37.7 min)
[262/865] G329A (Pathogenic): SUCCESS (ETA: 37.7 min)
[263/865] G1515R (Pathogenic): SUCCESS (ETA: 37.6 min)
[264/865] G329D (Pathogenic): SUCCESS (ETA: 37.5 min)
[265/865] G329S (Pathogenic): SUCCESS (ETA: 37.4 min)
[266/865] G1762E (Pathogenic): SUCCESS (ETA: 37.2 min)
[267/865] G337A (Pathogenic): SUCCESS (ETA: 37.0 min)
[268/865] G1757E (Pathogenic): SUCCESS (ETA: 37.1 min)
[269/865] G343A (Pathogenic): SUCCESS (ETA: 37.0 min)
[270/865] G343C (Pathogenic): SUCCESS (ETA: 36.8 min)
[271/865] G271S (Pathogenic): SUCCESS (ETA: 36.8 min)
[272/865] G343D (Pathogenic): SUCCESS (ETA: 36.7 min)
[273/865] G271V (Pathogenic): SUCCESS (ETA: 36.5 min)
[274/865] G410V (Pathogenic): SUCCESS (ETA: 36.8 min)
[275/865] G361S (Pathogenic): SUCCESS (ETA: 36.8 min)
[276/865] G361C (Pathogenic): SUCCESS (ETA: 36.6 min)
[277/865] G1757R (Pathogenic): SUCCESS (ETA: 36.6 min)
[278/865] G891E (Pathogenic): SUCCESS (ETA: 36.7 min)
[279/865] G343R (Pathogenic): SUCCESS (ETA: 36.5 min)
[280/865] G355D (Pathogenic): SUCCESS (ETA: 36.4 min)
[281/865] G854E (Pathogenic): SUCCESS (ETA: 36.3 min)
[282/865] G891R (Pathogenic): SUCCESS (ETA: 36.4 min)
[283/865] G396R (Pathogenic): SUCCESS (ETA: 36.6 min)
[284/865] G396E (Pathogenic): SUCCESS (ETA: 36.4 min)
[285/865] G950E (Pathogenic): SUCCESS (ETA: 36.7 min)
[286/865] H127Y (Pathogenic): SUCCESS (ETA: 36.6 min)
[287/865] G908R (Pathogenic): SUCCESS (ETA: 36.5 min)
[288/865] G58R (Pathogenic): SUCCESS (ETA: 36.8 min)
[289/865] G58V (Pathogenic): SUCCESS (ETA: 36.7 min)
[290/865] H1375P (Pathogenic): SUCCESS (ETA: 36.5 min)
[291/865] H933Q (Pathogenic): SUCCESS (ETA: 36.5 min)
[292/865] H1393P (Pathogenic): SUCCESS (ETA: 36.7 min)
[293/865] H933Y (Pathogenic): SUCCESS (ETA: 37.0 min)
[294/865] H324N (Pathogenic): SUCCESS (ETA: 36.9 min)
[295/865] G979R (Pathogenic): SUCCESS (ETA: 37.0 min)
[296/865] I1363N (Pathogenic): SUCCESS (ETA: 36.9 min)
[297/865] H939Q (Pathogenic): SUCCESS (ETA: 36.8 min)
[298/865] H939D (Pathogenic): SUCCESS (ETA: 36.9 min)
[299/865] H939P (Pathogenic): SUCCESS (ETA: 36.7 min)
[300/865] G950R (Pathogenic): SUCCESS (ETA: 36.9 min)
[301/865] I122M (Pathogenic): SUCCESS (ETA: 36.7 min)
[302/865] I1479T (Pathogenic): SUCCESS (ETA: 36.7 min)
[303/865] I1437K (Pathogenic): SUCCESS (ETA: 36.5 min)
[304/865] I1482L (Pathogenic): SUCCESS (ETA: 36.6 min)
[305/865] I138V (Pathogenic): SUCCESS (ETA: 36.5 min)
[306/865] I1482N (Pathogenic): SUCCESS (ETA: 36.4 min)
[307/865] I138S (Pathogenic): SUCCESS (ETA: 36.3 min)
[308/865] I1214K (Pathogenic): SUCCESS (ETA: 36.2 min)
[309/865] I1377M (Pathogenic): SUCCESS (ETA: 36.0 min)
[310/865] I1545T (Pathogenic): SUCCESS (ETA: 35.8 min)
[311/865] I1498N (Pathogenic): SUCCESS (ETA: 35.7 min)
[312/865] I1545V (Pathogenic): SUCCESS (ETA: 35.5 min)
[313/865] I1576T (Pathogenic): SUCCESS (ETA: 35.4 min)
[314/865] I1593N (Pathogenic): SUCCESS (ETA: 35.4 min)
[315/865] I1616T (Pathogenic): SUCCESS (ETA: 35.3 min)
[316/865] I1673T (Pathogenic): SUCCESS (ETA: 35.2 min)
[317/865] I1646N (Pathogenic): SUCCESS (ETA: 35.0 min)
[318/865] I1673V (Pathogenic): SUCCESS (ETA: 34.8 min)
[319/865] I1638N (Pathogenic): SUCCESS (ETA: 34.7 min)
[320/865] I1683T (Pathogenic): SUCCESS (ETA: 34.6 min)
[321/865] I173F (Pathogenic): SUCCESS (ETA: 34.7 min)
[322/865] I1770F (Pathogenic): SUCCESS (ETA: 34.6 min)
[323/865] I173N (Pathogenic): SUCCESS (ETA: 34.4 min)
[324/865] I1771S (Pathogenic): SUCCESS (ETA: 34.3 min)
[325/865] I1782M (Pathogenic): SUCCESS (ETA: 34.2 min)
[326/865] I1867T (Pathogenic): SUCCESS (ETA: 34.1 min)
[327/865] I1922S (Pathogenic): SUCCESS (ETA: 34.0 min)
[328/865] I1782V (Pathogenic): SUCCESS (ETA: 33.8 min)
[329/865] I1867N (Pathogenic): SUCCESS (ETA: 33.7 min)
[330/865] I1770N (Pathogenic): SUCCESS (ETA: 33.5 min)
[331/865] I1922T (Pathogenic): SUCCESS (ETA: 33.4 min)
[332/865] I241N (Pathogenic): SUCCESS (ETA: 33.4 min)
[333/865] I252L (Pathogenic): SUCCESS (ETA: 33.3 min)
[334/865] I252T (Pathogenic): SUCCESS (ETA: 33.1 min)
[335/865] I252N (Pathogenic): SUCCESS (ETA: 33.1 min)
[336/865] I415T (Pathogenic): SUCCESS (ETA: 33.1 min)
[337/865] I1545K (Pathogenic): SUCCESS (ETA: 33.0 min)
[338/865] I407N (Pathogenic): SUCCESS (ETA: 33.1 min)
[339/865] I164K (Pathogenic): SUCCESS (ETA: 33.1 min)
[340/865] I810N (Pathogenic): SUCCESS (ETA: 32.9 min)
[341/865] I227T (Pathogenic): SUCCESS (ETA: 32.9 min)
[342/865] I953M (Pathogenic): SUCCESS (ETA: 32.9 min)
[343/865] I978T (Pathogenic): SUCCESS (ETA: 32.8 min)
[344/865] K1094I (Pathogenic): SUCCESS (ETA: 33.0 min)
[345/865] I68S (Pathogenic): SUCCESS (ETA: 32.9 min)
[346/865] I882F (Pathogenic): SUCCESS (ETA: 32.7 min)
[347/865] I99V (Pathogenic): SUCCESS (ETA: 32.8 min)
[348/865] I278K (Pathogenic): SUCCESS (ETA: 32.9 min)
[349/865] K1432I (Pathogenic): SUCCESS (ETA: 33.1 min)
[350/865] K1313T (Pathogenic): SUCCESS (ETA: 33.3 min)
[351/865] K1627M (Pathogenic): SUCCESS (ETA: 33.3 min)
[352/865] I415K (Pathogenic): SUCCESS (ETA: 33.5 min)
[353/865] K1591I (Pathogenic): SUCCESS (ETA: 33.5 min)
[354/865] K276I (Pathogenic): SUCCESS (ETA: 33.8 min)
[355/865] K276N (Pathogenic): SUCCESS (ETA: 33.8 min)
[356/865] L108Q (Pathogenic): SUCCESS (ETA: 33.8 min)
[357/865] L117P (Pathogenic): SUCCESS (ETA: 33.7 min)
[358/865] L1230F (Pathogenic): SUCCESS (ETA: 33.8 min)
[359/865] K276E (Pathogenic): SUCCESS (ETA: 33.6 min)
[360/865] L1207P (Pathogenic): SUCCESS (ETA: 33.6 min)
[361/865] L1230P (Pathogenic): SUCCESS (ETA: 33.6 min)
[362/865] K1654E (Pathogenic): SUCCESS (ETA: 33.5 min)
[363/865] K758Q (Pathogenic): SUCCESS (ETA: 33.5 min)
[364/865] L1287P (Pathogenic): SUCCESS (ETA: 33.5 min)
[365/865] L1309P (Pathogenic): SUCCESS (ETA: 33.4 min)
[366/865] L1309V (Pathogenic): SUCCESS (ETA: 33.4 min)
[367/865] L1268R (Pathogenic): SUCCESS (ETA: 33.3 min)
[368/865] L1309H (Pathogenic): SUCCESS (ETA: 33.2 min)
[369/865] L1265M (Pathogenic): SUCCESS (ETA: 33.1 min)
[370/865] L1309R (Pathogenic): SUCCESS (ETA: 33.0 min)
[371/865] K225N (Pathogenic): SUCCESS (ETA: 32.9 min)
[372/865] K225E (Pathogenic): SUCCESS (ETA: 32.7 min)
[373/865] L1324P (Pathogenic): SUCCESS (ETA: 32.6 min)
[374/865] L1340P (Pathogenic): SUCCESS (ETA: 32.5 min)
[375/865] L133P (Pathogenic): SUCCESS (ETA: 32.4 min)
[376/865] L1318R (Pathogenic): SUCCESS (ETA: 32.5 min)
[377/865] L139F (Pathogenic): SUCCESS (ETA: 32.3 min)
[378/865] L1351F (Pathogenic): SUCCESS (ETA: 32.2 min)
[379/865] L1352P (Pathogenic): SUCCESS (ETA: 32.2 min)
[380/865] K758T (Pathogenic): SUCCESS (ETA: 32.1 min)
[381/865] L1514I (Pathogenic): SUCCESS (ETA: 32.0 min)
[382/865] L1475V (Pathogenic): SUCCESS (ETA: 31.9 min)
[383/865] L1423F (Pathogenic): SUCCESS (ETA: 31.7 min)
[384/865] L1423V (Pathogenic): SUCCESS (ETA: 31.7 min)
[385/865] L1621P (Pathogenic): SUCCESS (ETA: 31.6 min)
[386/865] L1590P (Pathogenic): SUCCESS (ETA: 31.5 min)
[387/865] L1399P (Pathogenic): SUCCESS (ETA: 31.3 min)
[388/865] L1624P (Pathogenic): SUCCESS (ETA: 31.3 min)
[389/865] L1667F (Pathogenic): SUCCESS (ETA: 31.2 min)
[390/865] L1667P (Pathogenic): SUCCESS (ETA: 31.2 min)
[391/865] L1660P (Pathogenic): SUCCESS (ETA: 31.0 min)
[392/865] L1675F (Pathogenic): SUCCESS (ETA: 30.9 min)
[393/865] L1679P (Pathogenic): SUCCESS (ETA: 30.8 min)
[394/865] L1677F (Pathogenic): SUCCESS (ETA: 30.7 min)
[395/865] L1828S (Pathogenic): SUCCESS (ETA: 30.7 min)
[396/865] L1775P (Pathogenic): SUCCESS (ETA: 30.6 min)
[397/865] L1355R (Pathogenic): SUCCESS (ETA: 30.5 min)
[398/865] L1800R (Pathogenic): SUCCESS (ETA: 30.4 min)
[399/865] L1839V (Pathogenic): SUCCESS (ETA: 30.2 min)
[400/865] L209P (Pathogenic): SUCCESS (ETA: 30.2 min)
[401/865] L215W (Pathogenic): SUCCESS (ETA: 30.2 min)
[402/865] L1835F (Pathogenic): SUCCESS (ETA: 30.1 min)
[403/865] L170P (Pathogenic): SUCCESS (ETA: 29.9 min)
[404/865] L221P (Pathogenic): SUCCESS (ETA: 29.8 min)
[405/865] L224S (Pathogenic): SUCCESS (ETA: 29.7 min)
[406/865] L1849P (Pathogenic): SUCCESS (ETA: 29.6 min)
[407/865] L209R (Pathogenic): SUCCESS (ETA: 29.6 min)
[408/865] L1717R (Pathogenic): SUCCESS (ETA: 29.4 min)
[409/865] L240P (Pathogenic): SUCCESS (ETA: 29.3 min)
[410/865] L263P (Pathogenic): SUCCESS (ETA: 29.2 min)
[411/865] L263V (Pathogenic): SUCCESS (ETA: 29.1 min)
[412/865] L253P (Pathogenic): SUCCESS (ETA: 29.1 min)
[413/865] L273P (Pathogenic): SUCCESS (ETA: 29.0 min)
[414/865] L266P (Pathogenic): SUCCESS (ETA: 29.0 min)
[415/865] L378P (Pathogenic): SUCCESS (ETA: 28.9 min)
[416/865] L334P (Pathogenic): SUCCESS (ETA: 28.8 min)
[417/865] L378Q (Pathogenic): SUCCESS (ETA: 28.8 min)
[418/865] L387P (Pathogenic): SUCCESS (ETA: 28.7 min)
[419/865] L373S (Pathogenic): SUCCESS (ETA: 28.5 min)
[420/865] L390P (Pathogenic): SUCCESS (ETA: 28.4 min)
[421/865] L61P (Pathogenic): SUCCESS (ETA: 28.4 min)
[422/865] L405S (Pathogenic): SUCCESS (ETA: 28.3 min)
[423/865] L233R (Pathogenic): SUCCESS (ETA: 28.2 min)
[424/865] L77P (Pathogenic): SUCCESS (ETA: 28.1 min)
[425/865] L842R (Pathogenic): SUCCESS (ETA: 28.0 min)
[426/865] L247P (Pathogenic): SUCCESS (ETA: 27.9 min)
[427/865] L890P (Pathogenic): SUCCESS (ETA: 27.8 min)
[428/865] L858P (Pathogenic): SUCCESS (ETA: 27.7 min)
[429/865] L895P (Pathogenic): SUCCESS (ETA: 27.6 min)
[430/865] L869S (Pathogenic): SUCCESS (ETA: 27.5 min)
[431/865] L879R (Pathogenic): SUCCESS (ETA: 27.4 min)
[432/865] L948P (Pathogenic): SUCCESS (ETA: 27.3 min)
[433/865] L981P (Pathogenic): SUCCESS (ETA: 27.3 min)
[434/865] L911R (Pathogenic): SUCCESS (ETA: 27.2 min)
[435/865] L942P (Pathogenic): SUCCESS (ETA: 27.1 min)
[436/865] L984P (Pathogenic): SUCCESS (ETA: 27.0 min)
[437/865] L986V (Pathogenic): SUCCESS (ETA: 26.9 min)
[438/865] L984V (Pathogenic): SUCCESS (ETA: 26.8 min)
[439/865] L61F (Pathogenic): SUCCESS (ETA: 26.7 min)
[440/865] L988R (Pathogenic): SUCCESS (ETA: 26.7 min)
[441/865] L990F (Pathogenic): SUCCESS (ETA: 26.7 min)
[442/865] L992M (Pathogenic): SUCCESS (ETA: 26.6 min)
[443/865] M1333I (Pathogenic): SUCCESS (ETA: 26.5 min)
[444/865] M1348I (Pathogenic): SUCCESS (ETA: 26.4 min)
[445/865] L93S (Pathogenic): SUCCESS (ETA: 26.3 min)
[446/865] L991F (Pathogenic): SUCCESS (ETA: 26.2 min)
[447/865] L984R (Pathogenic): SUCCESS (ETA: 26.1 min)
[448/865] M1348T (Pathogenic): SUCCESS (ETA: 26.1 min)
[449/865] M1438T (Pathogenic): SUCCESS (ETA: 26.0 min)
[450/865] M1559R (Pathogenic): SUCCESS (ETA: 26.0 min)
[451/865] M1555R (Pathogenic): SUCCESS (ETA: 25.9 min)
[452/865] M1664L (Pathogenic): SUCCESS (ETA: 25.9 min)
[453/865] M1664T (Pathogenic): SUCCESS (ETA: 25.8 min)
[454/865] M145R (Pathogenic): SUCCESS (ETA: 25.7 min)
[455/865] M1714I (Pathogenic): SUCCESS (ETA: 25.7 min)
[456/865] M1435K (Pathogenic): SUCCESS (ETA: 25.9 min)
[457/865] M1704T (Pathogenic): SUCCESS (ETA: 25.8 min)
[458/865] M1780T (Pathogenic): SUCCESS (ETA: 25.7 min)
[459/865] M1714R (Pathogenic): SUCCESS (ETA: 25.6 min)
[460/865] M1780V (Pathogenic): SUCCESS (ETA: 25.6 min)
[461/865] M1852V (Pathogenic): SUCCESS (ETA: 25.5 min)
[462/865] M1I (Pathogenic): SUCCESS (ETA: 25.5 min)
[463/865] M1856R (Pathogenic): SUCCESS (ETA: 25.4 min)
[464/865] M1665I (Pathogenic): SUCCESS (ETA: 25.3 min)
[465/865] M1T (Pathogenic): SUCCESS (ETA: 25.2 min)
[466/865] M1714K (Pathogenic): SUCCESS (ETA: 25.1 min)
[467/865] M1856K (Pathogenic): SUCCESS (ETA: 25.1 min)
[468/865] M251L (Pathogenic): SUCCESS (ETA: 25.0 min)
[469/865] M400T (Pathogenic): SUCCESS (ETA: 24.9 min)
[470/865] M1823T (Pathogenic): SUCCESS (ETA: 24.8 min)
[471/865] M145K (Pathogenic): SUCCESS (ETA: 24.8 min)
[472/865] M934L (Pathogenic): SUCCESS (ETA: 24.7 min)
[473/865] M934I (Pathogenic): SUCCESS (ETA: 24.6 min)
[474/865] M785I (Pathogenic): SUCCESS (ETA: 24.6 min)
[475/865] M934V (Pathogenic): SUCCESS (ETA: 24.5 min)
[476/865] M785T (Pathogenic): SUCCESS (ETA: 24.5 min)
[477/865] M934R (Pathogenic): SUCCESS (ETA: 24.3 min)
[478/865] M956I (Pathogenic): SUCCESS (ETA: 24.3 min)
[479/865] M956V (Pathogenic): SUCCESS (ETA: 24.3 min)
[480/865] M956T (Pathogenic): SUCCESS (ETA: 24.2 min)
[481/865] M960T (Pathogenic): SUCCESS (ETA: 24.1 min)
[482/865] M785R (Pathogenic): SUCCESS (ETA: 24.1 min)
[483/865] M976I (Pathogenic): SUCCESS (ETA: 24.0 min)
[484/865] N1338T (Pathogenic): SUCCESS (ETA: 23.9 min)
[485/865] M976T (Pathogenic): SUCCESS (ETA: 23.9 min)
[486/865] M251R (Pathogenic): SUCCESS (ETA: 23.8 min)
[487/865] N1349T (Pathogenic): SUCCESS (ETA: 23.7 min)
[488/865] N1378T (Pathogenic): SUCCESS (ETA: 23.6 min)
[489/865] N1378I (Pathogenic): SUCCESS (ETA: 23.5 min)
[490/865] M787K (Pathogenic): SUCCESS (ETA: 23.5 min)
[491/865] N1414K (Pathogenic): SUCCESS (ETA: 23.4 min)
[492/865] M974R (Pathogenic): SUCCESS (ETA: 23.3 min)
[493/865] M960K (Pathogenic): SUCCESS (ETA: 23.2 min)
[494/865] N1476I (Pathogenic): SUCCESS (ETA: 23.2 min)
[495/865] N1476S (Pathogenic): SUCCESS (ETA: 23.1 min)
[496/865] N1476K (Pathogenic): SUCCESS (ETA: 23.0 min)
[497/865] N1485D (Pathogenic): SUCCESS (ETA: 23.0 min)
[498/865] N1417H (Pathogenic): SUCCESS (ETA: 22.9 min)
[499/865] N1485S (Pathogenic): SUCCESS (ETA: 22.8 min)
[500/865] N1779S (Pathogenic): SUCCESS (ETA: 22.9 min)
[501/865] N1476Y (Pathogenic): SUCCESS (ETA: 22.8 min)
[502/865] N1672H (Pathogenic): SUCCESS (ETA: 22.8 min)
[503/865] N141K (Pathogenic): SUCCESS (ETA: 22.7 min)
[504/865] N338S (Pathogenic): SUCCESS (ETA: 22.7 min)
[505/865] N1712D (Pathogenic): SUCCESS (ETA: 22.8 min)
[506/865] N357Y (Pathogenic): SUCCESS (ETA: 22.7 min)
[507/865] N359I (Pathogenic): SUCCESS (ETA: 22.6 min)
[508/865] N1605I (Pathogenic): SUCCESS (ETA: 22.5 min)
[509/865] N416K (Pathogenic): SUCCESS (ETA: 22.8 min)
[510/865] N359K (Pathogenic): SUCCESS (ETA: 22.8 min)
[511/865] N1712K (Pathogenic): SUCCESS (ETA: 22.9 min)
[512/865] N980S (Pathogenic): SUCCESS (ETA: 22.9 min)
[513/865] N1509H (Pathogenic): SUCCESS (ETA: 23.0 min)
[514/865] N94Y (Pathogenic): SUCCESS (ETA: 22.9 min)
[515/865] N804K (Pathogenic): SUCCESS (ETA: 22.9 min)
[516/865] N985K (Pathogenic): SUCCESS (ETA: 22.8 min)
[517/865] P113S (Pathogenic): SUCCESS (ETA: 22.7 min)
[518/865] N191K (Pathogenic): SUCCESS (ETA: 22.9 min)
[519/865] P113L (Pathogenic): SUCCESS (ETA: 22.8 min)
[520/865] P1323H (Pathogenic): SUCCESS (ETA: 22.7 min)
[521/865] P1323T (Pathogenic): SUCCESS (ETA: 22.7 min)
[522/865] P1451A (Pathogenic): SUCCESS (ETA: 22.8 min)
[523/865] N980K (Pathogenic): SUCCESS (ETA: 22.7 min)
[524/865] P113R (Pathogenic): SUCCESS (ETA: 22.6 min)
[525/865] N386K (Pathogenic): SUCCESS (ETA: 22.6 min)
[526/865] P1451R (Pathogenic): SUCCESS (ETA: 22.5 min)
[527/865] N1845K (Pathogenic): SUCCESS (ETA: 22.5 min)
[528/865] P1451T (Pathogenic): SUCCESS (ETA: 22.5 min)
[529/865] N999K (Pathogenic): SUCCESS (ETA: 22.4 min)
[530/865] P1526T (Pathogenic): SUCCESS (ETA: 22.3 min)
[531/865] P1451L (Pathogenic): SUCCESS (ETA: 22.3 min)
[532/865] P1739T (Pathogenic): SUCCESS (ETA: 22.2 min)
[533/865] P1526R (Pathogenic): SUCCESS (ETA: 22.1 min)
[534/865] P1668R (Pathogenic): SUCCESS (ETA: 22.0 min)
[535/865] P1838L (Pathogenic): SUCCESS (ETA: 21.9 min)
[536/865] P1759S (Pathogenic): SUCCESS (ETA: 21.8 min)
[537/865] P1739R (Pathogenic): SUCCESS (ETA: 21.8 min)
[538/865] P1855L (Pathogenic): SUCCESS (ETA: 21.7 min)
[539/865] P1519S (Pathogenic): SUCCESS (ETA: 21.6 min)
[540/865] P1905L (Pathogenic): SUCCESS (ETA: 21.5 min)
[541/865] P281L (Pathogenic): SUCCESS (ETA: 21.5 min)
[542/865] P1519R (Pathogenic): SUCCESS (ETA: 21.4 min)
[543/865] P281R (Pathogenic): SUCCESS (ETA: 21.3 min)
[544/865] P281T (Pathogenic): SUCCESS (ETA: 21.2 min)
[545/865] P358A (Pathogenic): SUCCESS (ETA: 21.1 min)
[546/865] P346L (Pathogenic): SUCCESS (ETA: 21.0 min)
[547/865] P1732L (Pathogenic): SUCCESS (ETA: 20.9 min)
[548/865] P1855H (Pathogenic): SUCCESS (ETA: 20.8 min)
[549/865] P346S (Pathogenic): SUCCESS (ETA: 20.7 min)
[550/865] P76T (Pathogenic): SUCCESS (ETA: 20.6 min)
[551/865] P346Q (Pathogenic): SUCCESS (ETA: 20.6 min)
[552/865] P358T (Pathogenic): SUCCESS (ETA: 20.5 min)
[553/865] P791T (Pathogenic): SUCCESS (ETA: 20.4 min)
[554/865] P768A (Pathogenic): SUCCESS (ETA: 20.3 min)
[555/865] Q1427L (Pathogenic): SUCCESS (ETA: 20.2 min)
[556/865] P76L (Pathogenic): SUCCESS (ETA: 20.3 min)
[557/865] Q1504L (Pathogenic): SUCCESS (ETA: 20.2 min)
[558/865] Q1427K (Pathogenic): SUCCESS (ETA: 20.1 min)
[559/865] Q1821P (Pathogenic): SUCCESS (ETA: 20.0 min)
[560/865] Q1504H (Pathogenic): SUCCESS (ETA: 19.9 min)
[561/865] Q1504K (Pathogenic): SUCCESS (ETA: 20.0 min)
[562/865] Q1719H (Pathogenic): SUCCESS (ETA: 20.0 min)
[563/865] Q1923P (Pathogenic): SUCCESS (ETA: 19.9 min)
[564/865] Q1489E (Pathogenic): SUCCESS (ETA: 19.9 min)
[565/865] Q1914P (Pathogenic): SUCCESS (ETA: 19.9 min)
[566/865] Q381E (Pathogenic): SUCCESS (ETA: 19.8 min)
[567/865] Q267P (Pathogenic): SUCCESS (ETA: 19.7 min)
[568/865] Q1923H (Pathogenic): SUCCESS (ETA: 19.7 min)
[569/865] Q381H (Pathogenic): SUCCESS (ETA: 19.6 min)
[570/865] Q1923K (Pathogenic): SUCCESS (ETA: 19.6 min)
[571/865] Q910L (Pathogenic): SUCCESS (ETA: 19.5 min)
[572/865] Q554H (Pathogenic): SUCCESS (ETA: 19.4 min)
[573/865] R118S (Pathogenic): SUCCESS (ETA: 19.4 min)
[574/865] R118G (Pathogenic): SUCCESS (ETA: 19.3 min)
[575/865] R101L (Pathogenic): SUCCESS (ETA: 19.2 min)
[576/865] Q429K (Pathogenic): SUCCESS (ETA: 19.1 min)
[577/865] Q910R (Pathogenic): SUCCESS (ETA: 19.1 min)
[578/865] Q459R (Pathogenic): SUCCESS (ETA: 19.1 min)
[579/865] R1596L (Pathogenic): SUCCESS (ETA: 19.1 min)
[580/865] R1322S (Pathogenic): SUCCESS (ETA: 19.0 min)
[581/865] R1322T (Pathogenic): SUCCESS (ETA: 19.0 min)
[582/865] R1245Q (Pathogenic): SUCCESS (ETA: 19.0 min)
[583/865] R1596S (Pathogenic): SUCCESS (ETA: 18.9 min)
[584/865] R1329L (Pathogenic): SUCCESS (ETA: 18.8 min)
[585/865] R1316G (Pathogenic): SUCCESS (ETA: 18.8 min)
[586/865] Q242R (Pathogenic): SUCCESS (ETA: 18.7 min)
[587/865] R1636G (Pathogenic): SUCCESS (ETA: 18.6 min)
[588/865] R1329P (Pathogenic): SUCCESS (ETA: 18.5 min)
[589/865] R1636L (Pathogenic): SUCCESS (ETA: 18.5 min)
[590/865] R1636P (Pathogenic): SUCCESS (ETA: 18.4 min)
[591/865] R1642G (Pathogenic): SUCCESS (ETA: 18.4 min)
[592/865] R1642S (Pathogenic): SUCCESS (ETA: 18.3 min)
[593/865] R1639C (Pathogenic): SUCCESS (ETA: 18.3 min)
[594/865] R1642M (Pathogenic): SUCCESS (ETA: 18.2 min)
[595/865] R1639G (Pathogenic): SUCCESS (ETA: 18.1 min)
[596/865] R1645G (Pathogenic): SUCCESS (ETA: 18.0 min)
[597/865] R1645P (Pathogenic): SUCCESS (ETA: 17.9 min)
[598/865] R1639P (Pathogenic): SUCCESS (ETA: 17.9 min)
[599/865] R1645Q (Pathogenic): SUCCESS (ETA: 17.9 min)
[600/865] R1648S (Pathogenic): SUCCESS (ETA: 18.1 min)
[601/865] R1648L (Pathogenic): SUCCESS (ETA: 18.0 min)
[602/865] R1648P (Pathogenic): SUCCESS (ETA: 17.9 min)
[603/865] R1874W (Pathogenic): SUCCESS (ETA: 17.9 min)
[604/865] R1861W (Pathogenic): SUCCESS (ETA: 17.9 min)
[605/865] R1912G (Pathogenic): SUCCESS (ETA: 17.8 min)
[606/865] R1657P (Pathogenic): SUCCESS (ETA: 17.7 min)
[607/865] R1927T (Pathogenic): SUCCESS (ETA: 17.6 min)
[608/865] R1657S (Pathogenic): SUCCESS (ETA: 17.5 min)
[609/865] R1657L (Pathogenic): SUCCESS (ETA: 17.5 min)
[610/865] R28L (Pathogenic): SUCCESS (ETA: 17.5 min)
[611/865] R377L (Pathogenic): SUCCESS (ETA: 17.4 min)
[612/865] R322I (Pathogenic): SUCCESS (ETA: 17.4 min)
[613/865] R377P (Pathogenic): SUCCESS (ETA: 17.3 min)
[614/865] R219T (Pathogenic): SUCCESS (ETA: 17.2 min)
[615/865] R219S (Pathogenic): SUCCESS (ETA: 17.1 min)
[616/865] R1657H (Pathogenic): SUCCESS (ETA: 17.1 min)
[617/865] R219G (Pathogenic): SUCCESS (ETA: 17.0 min)
[618/865] R393G (Pathogenic): SUCCESS (ETA: 16.9 min)
[619/865] R859L (Pathogenic): SUCCESS (ETA: 16.9 min)
[620/865] R393P (Pathogenic): SUCCESS (ETA: 16.9 min)
[621/865] R393S (Pathogenic): SUCCESS (ETA: 16.8 min)
[622/865] R862L (Pathogenic): SUCCESS (ETA: 16.7 min)
[623/865] R862P (Pathogenic): SUCCESS (ETA: 16.7 min)
[624/865] R865P (Pathogenic): SUCCESS (ETA: 16.6 min)
[625/865] R859H (Pathogenic): SUCCESS (ETA: 16.6 min)
[626/865] R931L (Pathogenic): SUCCESS (ETA: 16.5 min)
[627/865] R931G (Pathogenic): SUCCESS (ETA: 16.4 min)
[628/865] S1231I (Pathogenic): SUCCESS (ETA: 16.3 min)
[629/865] R931S (Pathogenic): SUCCESS (ETA: 16.2 min)
[630/865] S1231N (Pathogenic): SUCCESS (ETA: 16.2 min)
[631/865] S1328A (Pathogenic): SUCCESS (ETA: 16.1 min)
[632/865] R946L (Pathogenic): SUCCESS (ETA: 16.0 min)
[633/865] S1298T (Pathogenic): SUCCESS (ETA: 15.9 min)
[634/865] S1232I (Pathogenic): SUCCESS (ETA: 15.8 min)
[635/865] R865Q (Pathogenic): SUCCESS (ETA: 15.7 min)
[636/865] S1328P (Pathogenic): SUCCESS (ETA: 15.7 min)
[637/865] S1232R (Pathogenic): SUCCESS (ETA: 15.6 min)
[638/865] S1594P (Pathogenic): SUCCESS (ETA: 15.5 min)
[639/865] S1471F (Pathogenic): SUCCESS (ETA: 15.5 min)
[640/865] S1471Y (Pathogenic): SUCCESS (ETA: 15.4 min)
[641/865] S1666T (Pathogenic): SUCCESS (ETA: 15.3 min)
[642/865] S1231R (Pathogenic): SUCCESS (ETA: 15.2 min)
[643/865] S1666F (Pathogenic): SUCCESS (ETA: 15.2 min)
[644/865] S1713I (Pathogenic): SUCCESS (ETA: 15.1 min)
[645/865] S1723F (Pathogenic): SUCCESS (ETA: 15.0 min)
[646/865] S1723P (Pathogenic): SUCCESS (ETA: 14.9 min)
[647/865] S1760C (Pathogenic): SUCCESS (ETA: 14.9 min)
[648/865] S1768G (Pathogenic): SUCCESS (ETA: 14.8 min)
[649/865] S169P (Pathogenic): SUCCESS (ETA: 14.8 min)
[650/865] S1768I (Pathogenic): SUCCESS (ETA: 14.7 min)
[651/865] S1768N (Pathogenic): SUCCESS (ETA: 14.6 min)
[652/865] S1516W (Pathogenic): SUCCESS (ETA: 14.5 min)
[653/865] S1773P (Pathogenic): SUCCESS (ETA: 14.5 min)
[654/865] S1362R (Pathogenic): SUCCESS (ETA: 14.4 min)
[655/865] S1773F (Pathogenic): SUCCESS (ETA: 14.3 min)
[656/865] S1918F (Pathogenic): SUCCESS (ETA: 14.2 min)
[657/865] S1444Y (Pathogenic): SUCCESS (ETA: 14.2 min)
[658/865] S340P (Pathogenic): SUCCESS (ETA: 14.2 min)
[659/865] S1773Y (Pathogenic): SUCCESS (ETA: 14.1 min)
[660/865] S1796R (Pathogenic): SUCCESS (ETA: 14.1 min)
[661/865] S340F (Pathogenic): SUCCESS (ETA: 14.0 min)
[662/865] S374P (Pathogenic): SUCCESS (ETA: 13.9 min)
[663/865] S340Y (Pathogenic): SUCCESS (ETA: 13.9 min)
[664/865] S243P (Pathogenic): SUCCESS (ETA: 13.8 min)
[665/865] S525F (Pathogenic): SUCCESS (ETA: 13.7 min)
[666/865] S474R (Pathogenic): SUCCESS (ETA: 13.6 min)
[667/865] S411L (Pathogenic): SUCCESS (ETA: 13.6 min)
[668/865] S1713R (Pathogenic): SUCCESS (ETA: 13.5 min)
[669/865] S228L (Pathogenic): SUCCESS (ETA: 13.4 min)
[670/865] S570N (Pathogenic): SUCCESS (ETA: 13.4 min)
[671/865] S940F (Pathogenic): SUCCESS (ETA: 13.3 min)
[672/865] T105S (Pathogenic): SUCCESS (ETA: 13.2 min)
[673/865] S993R (Pathogenic): SUCCESS (ETA: 13.1 min)
[674/865] T112I (Pathogenic): SUCCESS (ETA: 13.0 min)
[675/865] T105I (Pathogenic): SUCCESS (ETA: 13.0 min)
[676/865] S573R (Pathogenic): SUCCESS (ETA: 12.9 min)
[677/865] S374Y (Pathogenic): SUCCESS (ETA: 12.8 min)
[678/865] T1210M (Pathogenic): SUCCESS (ETA: 12.8 min)
[679/865] T137P (Pathogenic): SUCCESS (ETA: 12.7 min)
[680/865] T1300R (Pathogenic): SUCCESS (ETA: 12.7 min)
[681/865] T1394I (Pathogenic): SUCCESS (ETA: 12.6 min)
[682/865] T1570S (Pathogenic): SUCCESS (ETA: 12.5 min)
[683/865] T1210K (Pathogenic): SUCCESS (ETA: 12.5 min)
[684/865] T1317R (Pathogenic): SUCCESS (ETA: 12.4 min)
[685/865] T160S (Pathogenic): SUCCESS (ETA: 12.3 min)
[686/865] S994L (Pathogenic): SUCCESS (ETA: 12.2 min)
[687/865] T1300K (Pathogenic): SUCCESS (ETA: 12.2 min)
[688/865] T146R (Pathogenic): SUCCESS (ETA: 12.1 min)
[689/865] S364R (Pathogenic): SUCCESS (ETA: 12.0 min)
[690/865] T1658A (Pathogenic): SUCCESS (ETA: 11.9 min)
[691/865] T146K (Pathogenic): SUCCESS (ETA: 11.9 min)
[692/865] T1721K (Pathogenic): SUCCESS (ETA: 11.9 min)
[693/865] T1721P (Pathogenic): SUCCESS (ETA: 11.8 min)
[694/865] T1709A (Pathogenic): SUCCESS (ETA: 11.7 min)
[695/865] T1658K (Pathogenic): SUCCESS (ETA: 11.6 min)
[696/865] T1722A (Pathogenic): SUCCESS (ETA: 11.6 min)
[697/865] T1658S (Pathogenic): SUCCESS (ETA: 11.5 min)
[698/865] T1872A (Pathogenic): SUCCESS (ETA: 11.4 min)
[699/865] T1709I (Pathogenic): SUCCESS (ETA: 11.3 min)
[700/865] T1658P (Pathogenic): SUCCESS (ETA: 11.3 min)
[701/865] T1722I (Pathogenic): SUCCESS (ETA: 11.2 min)
[702/865] T1658M (Pathogenic): SUCCESS (ETA: 11.1 min)
[703/865] T1722N (Pathogenic): SUCCESS (ETA: 11.0 min)
[704/865] T204I (Pathogenic): SUCCESS (ETA: 10.9 min)
[705/865] T235A (Pathogenic): SUCCESS (ETA: 10.9 min)
[706/865] T782A (Pathogenic): SUCCESS (ETA: 10.8 min)
[707/865] T217I (Pathogenic): SUCCESS (ETA: 10.7 min)
[708/865] T812P (Pathogenic): SUCCESS (ETA: 10.7 min)
[709/865] T217K (Pathogenic): SUCCESS (ETA: 10.6 min)
[710/865] T226R (Pathogenic): SUCCESS (ETA: 10.5 min)
[711/865] T363P (Pathogenic): SUCCESS (ETA: 10.4 min)
[712/865] T1909I (Pathogenic): SUCCESS (ETA: 10.3 min)
[713/865] T894S (Pathogenic): SUCCESS (ETA: 10.3 min)
[714/865] T812R (Pathogenic): SUCCESS (ETA: 10.2 min)
[715/865] T955S (Pathogenic): SUCCESS (ETA: 10.1 min)
[716/865] T955I (Pathogenic): SUCCESS (ETA: 10.0 min)
[717/865] V1336I (Pathogenic): SUCCESS (ETA: 10.0 min)
[718/865] V1350A (Pathogenic): SUCCESS (ETA: 9.9 min)
[719/865] V1292L (Pathogenic): SUCCESS (ETA: 9.8 min)
[720/865] V1350L (Pathogenic): SUCCESS (ETA: 9.8 min)
[721/865] T875K (Pathogenic): SUCCESS (ETA: 9.7 min)
[722/865] V1336F (Pathogenic): SUCCESS (ETA: 9.6 min)
[723/865] V1215I (Pathogenic): SUCCESS (ETA: 9.5 min)
[724/865] V1428A (Pathogenic): SUCCESS (ETA: 9.5 min)
[725/865] V1390A (Pathogenic): SUCCESS (ETA: 9.4 min)
[726/865] T841R (Pathogenic): SUCCESS (ETA: 9.3 min)
[727/865] V1390L (Pathogenic): SUCCESS (ETA: 9.2 min)
[728/865] V1428D (Pathogenic): SUCCESS (ETA: 9.2 min)
[729/865] V1556A (Pathogenic): SUCCESS (ETA: 9.1 min)
[730/865] V1350M (Pathogenic): SUCCESS (ETA: 9.0 min)
[731/865] V1534D (Pathogenic): SUCCESS (ETA: 8.9 min)
[732/865] V1630A (Pathogenic): SUCCESS (ETA: 8.9 min)
[733/865] V1589G (Pathogenic): SUCCESS (ETA: 8.8 min)
[734/865] V1366L (Pathogenic): SUCCESS (ETA: 8.7 min)
[735/865] V1630L (Pathogenic): SUCCESS (ETA: 8.6 min)
[736/865] V1767F (Pathogenic): SUCCESS (ETA: 8.6 min)
[737/865] V1428F (Pathogenic): SUCCESS (ETA: 8.5 min)
[738/865] V220A (Pathogenic): SUCCESS (ETA: 8.4 min)
[739/865] V1767D (Pathogenic): SUCCESS (ETA: 8.4 min)
[740/865] V1680D (Pathogenic): SUCCESS (ETA: 8.3 min)
[741/865] V1875F (Pathogenic): SUCCESS (ETA: 8.2 min)
[742/865] V1784A (Pathogenic): SUCCESS (ETA: 8.1 min)
[743/865] V1353F (Pathogenic): SUCCESS (ETA: 8.1 min)
[744/865] V244A (Pathogenic): SUCCESS (ETA: 8.0 min)
[745/865] V5A (Pathogenic): SUCCESS (ETA: 7.9 min)
[746/865] V406A (Pathogenic): SUCCESS (ETA: 7.9 min)
[747/865] V220D (Pathogenic): SUCCESS (ETA: 7.8 min)
[748/865] V250E (Pathogenic): SUCCESS (ETA: 7.7 min)
[749/865] V866L (Pathogenic): SUCCESS (ETA: 7.6 min)
[750/865] V857I (Pathogenic): SUCCESS (ETA: 7.6 min)
[751/865] V896I (Pathogenic): SUCCESS (ETA: 7.5 min)
[752/865] V907G (Pathogenic): SUCCESS (ETA: 7.4 min)
[753/865] V887E (Pathogenic): SUCCESS (ETA: 7.3 min)
[754/865] V944A (Pathogenic): SUCCESS (ETA: 7.3 min)
[755/865] V944M (Pathogenic): SUCCESS (ETA: 7.2 min)
[756/865] V983F (Pathogenic): SUCCESS (ETA: 7.1 min)
[757/865] V983I (Pathogenic): SUCCESS (ETA: 7.1 min)
[758/865] V983G (Pathogenic): SUCCESS (ETA: 7.0 min)
[759/865] V237L (Pathogenic): SUCCESS (ETA: 6.9 min)
[760/865] V983D (Pathogenic): SUCCESS (ETA: 6.8 min)
[761/865] W1204S (Pathogenic): SUCCESS (ETA: 6.8 min)
[762/865] W1358C (Pathogenic): SUCCESS (ETA: 6.7 min)
[763/865] W1284C (Pathogenic): SUCCESS (ETA: 6.6 min)
[764/865] W1358L (Pathogenic): SUCCESS (ETA: 6.6 min)
[765/865] W1284S (Pathogenic): SUCCESS (ETA: 6.5 min)
[766/865] W1812C (Pathogenic): SUCCESS (ETA: 6.5 min)
[767/865] W1726R (Pathogenic): SUCCESS (ETA: 6.4 min)
[768/865] W1284R (Pathogenic): SUCCESS (ETA: 6.3 min)
[769/865] V421M (Pathogenic): SUCCESS (ETA: 6.3 min)
[770/865] W1812G (Pathogenic): SUCCESS (ETA: 6.2 min)
[771/865] W1726S (Pathogenic): SUCCESS (ETA: 6.1 min)
[772/865] W1812S (Pathogenic): SUCCESS (ETA: 6.0 min)
[773/865] W1812L (Pathogenic): SUCCESS (ETA: 6.0 min)
[774/865] W1434R (Pathogenic): SUCCESS (ETA: 5.9 min)
[775/865] W314C (Pathogenic): SUCCESS (ETA: 5.8 min)
[776/865] W873C (Pathogenic): SUCCESS (ETA: 5.8 min)
[777/865] W1358R (Pathogenic): SUCCESS (ETA: 5.7 min)
[778/865] W384R (Pathogenic): SUCCESS (ETA: 5.6 min)
[779/865] W873S (Pathogenic): SUCCESS (ETA: 5.6 min)
[780/865] W384G (Pathogenic): SUCCESS (ETA: 5.5 min)
[781/865] W384S (Pathogenic): SUCCESS (ETA: 5.4 min)
[782/865] W932C (Pathogenic): SUCCESS (ETA: 5.4 min)
[783/865] W952L (Pathogenic): SUCCESS (ETA: 5.3 min)
[784/865] W314R (Pathogenic): SUCCESS (ETA: 5.3 min)
[785/865] W952C (Pathogenic): SUCCESS (ETA: 5.2 min)
[786/865] W957G (Pathogenic): SUCCESS (ETA: 5.1 min)
[787/865] Y1241D (Pathogenic): SUCCESS (ETA: 5.1 min)
[788/865] Y1422F (Pathogenic): SUCCESS (ETA: 5.0 min)
[789/865] Y1422C (Pathogenic): SUCCESS (ETA: 4.9 min)
[790/865] Y1274N (Pathogenic): SUCCESS (ETA: 4.9 min)
[791/865] Y1460C (Pathogenic): SUCCESS (ETA: 4.8 min)
[792/865] W952R (Pathogenic): SUCCESS (ETA: 4.7 min)
[793/865] Y1453C (Pathogenic): SUCCESS (ETA: 4.7 min)
[794/865] Y1274S (Pathogenic): SUCCESS (ETA: 4.6 min)
[795/865] Y1279H (Pathogenic): SUCCESS (ETA: 4.5 min)
[796/865] Y1453D (Pathogenic): SUCCESS (ETA: 4.5 min)
[797/865] Y1462H (Pathogenic): SUCCESS (ETA: 4.4 min)
[798/865] Y1422H (Pathogenic): SUCCESS (ETA: 4.4 min)
[799/865] Y1684C (Pathogenic): SUCCESS (ETA: 4.3 min)
[800/865] Y1694F (Pathogenic): SUCCESS (ETA: 4.2 min)
[801/865] Y1694D (Pathogenic): SUCCESS (ETA: 4.2 min)
[802/865] Y1507H (Pathogenic): SUCCESS (ETA: 4.1 min)
[803/865] Y1781C (Pathogenic): SUCCESS (ETA: 4.0 min)
[804/865] Y1769C (Pathogenic): SUCCESS (ETA: 4.0 min)
[805/865] Y165C (Pathogenic): SUCCESS (ETA: 3.9 min)
[806/865] Y1903D (Pathogenic): SUCCESS (ETA: 3.8 min)
[807/865] Y325C (Pathogenic): SUCCESS (ETA: 3.8 min)
[808/865] Y1599H (Pathogenic): SUCCESS (ETA: 3.7 min)
[809/865] Y1781H (Pathogenic): SUCCESS (ETA: 3.6 min)
[810/865] Y1694H (Pathogenic): SUCCESS (ETA: 3.6 min)
[811/865] Y399D (Pathogenic): SUCCESS (ETA: 3.5 min)
[812/865] Y426C (Pathogenic): SUCCESS (ETA: 3.4 min)
[813/865] Y545H (Pathogenic): SUCCESS (ETA: 3.4 min)
[814/865] Y388C (Pathogenic): SUCCESS (ETA: 3.3 min)
[815/865] Y790C (Pathogenic): SUCCESS (ETA: 3.2 min)
[816/865] Y165H (Pathogenic): SUCCESS (ETA: 3.2 min)
[817/865] Y790F (Pathogenic): SUCCESS (ETA: 3.1 min)
[818/865] Y83C (Pathogenic): SUCCESS (ETA: 3.0 min)
[819/865] Y426H (Pathogenic): SUCCESS (ETA: 3.0 min)
[820/865] Y790N (Pathogenic): SUCCESS (ETA: 2.9 min)
[821/865] Y317H (Pathogenic): SUCCESS (ETA: 2.8 min)
[822/865] Y83D (Pathogenic): SUCCESS (ETA: 2.8 min)
[823/865] A924T (Benign): SUCCESS (ETA: 2.7 min)
[824/865] A464P (Benign): SUCCESS (ETA: 2.6 min)
[825/865] E1878D (Benign): SUCCESS (ETA: 2.6 min)
[826/865] G585A (Benign): SUCCESS (ETA: 2.5 min)
[827/865] E517G (Benign): SUCCESS (ETA: 2.4 min)
[828/865] D45E (Benign): SUCCESS (ETA: 2.4 min)
[829/865] Y388H (Pathogenic): SUCCESS (ETA: 2.3 min)
[830/865] I538T (Benign): SUCCESS (ETA: 2.3 min)
[831/865] L479I (Benign): SUCCESS (ETA: 2.2 min)
[832/865] L632Q (Benign): SUCCESS (ETA: 2.1 min)
[833/865] L133V (Benign): SUCCESS (ETA: 2.1 min)
[834/865] Y84C (Pathogenic): SUCCESS (ETA: 2.0 min)
[835/865] E311G (Benign): SUCCESS (ETA: 1.9 min)
[836/865] H1997R (Benign): SUCCESS (ETA: 1.9 min)
[837/865] N299D (Benign): SUCCESS (ETA: 1.8 min)
[838/865] N1055K (Benign): SUCCESS (ETA: 1.7 min)
[839/865] P37T (Benign): SUCCESS (ETA: 1.7 min)
[840/865] N851D (Benign): SUCCESS (ETA: 1.6 min)
[841/865] P657T (Benign): SUCCESS (ETA: 1.5 min)
[842/865] M132I (Benign): SUCCESS (ETA: 1.5 min)
[843/865] E307K (Benign): SUCCESS (ETA: 1.4 min)
[844/865] N762H (Benign): SUCCESS (ETA: 1.3 min)
[845/865] I1242V (Benign): SUCCESS (ETA: 1.3 min)
[846/865] P707S (Benign): SUCCESS (ETA: 1.2 min)
[847/865] R612Q (Benign): SUCCESS (ETA: 1.1 min)
[848/865] R630W (Benign): SUCCESS (ETA: 1.1 min)
[849/865] Q1166K (Benign): SUCCESS (ETA: 1.0 min)
[850/865] S662L (Benign): SUCCESS (ETA: 1.0 min)
[851/865] S1760Y (Benign): SUCCESS (ETA: 0.9 min)
[852/865] R693M (Benign): SUCCESS (ETA: 0.8 min)
[853/865] V1901G (Benign): SUCCESS (ETA: 0.8 min)
[854/865] R28H (Benign): SUCCESS (ETA: 0.7 min)
[855/865] V1901I (Benign): SUCCESS (ETA: 0.6 min)
[856/865] V1464L (Benign): SUCCESS (ETA: 0.6 min)
[857/865] V659L (Benign): SUCCESS (ETA: 0.5 min)
[858/865] T463M (Benign): SUCCESS (ETA: 0.4 min)
[859/865] R560C (Benign): SUCCESS (ETA: 0.4 min)
[860/865] V724L (Benign): SUCCESS (ETA: 0.3 min)
[861/865] V298M (Benign): SUCCESS (ETA: 0.3 min)
[862/865] V309D (Benign): SUCCESS (ETA: 0.2 min)
[863/865] R1213Q (Benign): SUCCESS (ETA: 0.1 min)
[864/865] V760L (Benign): SUCCESS (ETA: 0.1 min)
[865/865] V760I (Benign): SUCCESS (ETA: 0.0 min)

======================================================================
SUMMARY
======================================================================
Total variants: 865
Successful: 865
Failed: 0
  - Validation errors: 0
  - Timeouts: 0
  - Other failures: 0
Runs per variant: 5
Total time: 3299.5 seconds (55.0 minutes)
======================================================================

Results saved to: /Users/ykshim2025/Desktop/Code2025/SCN1A/foldx_analysis/foldx_results_expanded/foldx_expanded_summary.txt
